<?xml version="1.0" encoding="UTF-8"?>
<testng-results ignored="1" total="3" passed="1" failed="1" skipped="0">
  <reporter-output>
  </reporter-output>
  <suite started-at="2023-04-14T11:53:44 IST" name="Suite" finished-at="2023-04-14T11:54:00 IST" duration-ms="16239">
    <groups>
    </groups>
    <test started-at="2023-04-14T11:53:44 IST" name="Test" finished-at="2023-04-14T11:54:00 IST" duration-ms="16239">
      <class name="Test.AmazonSearchTest">
        <test-method is-config="true" signature="driverInitialization()[pri:0, instance:Test.AmazonSearchTest@61c4eee0]" started-at="2023-04-14T11:53:52 IST" name="driverInitialization" finished-at="2023-04-14T11:53:56 IST" duration-ms="3447" status="PASS">
          <reporter-output>
          </reporter-output>
        </test-method> <!-- driverInitialization -->
        <test-method signature="searchForLaptops()[pri:0, instance:Test.AmazonSearchTest@61c4eee0]" started-at="2023-04-14T11:53:56 IST" name="searchForLaptops" finished-at="2023-04-14T11:54:00 IST" duration-ms="3762" status="PASS">
          <reporter-output>
          </reporter-output>
        </test-method> <!-- searchForLaptops -->
        <test-method is-config="true" signature="beforeMethod(java.lang.reflect.Method)[pri:0, instance:Test.AmazonSearchTest@61c4eee0]" started-at="2023-04-14T11:53:56 IST" name="beforeMethod" finished-at="2023-04-14T11:53:56 IST" duration-ms="0" status="PASS">
          <params>
            <param index="0">
              <value>
                <![CDATA[public void Test.AmazonSearchTest.searchForLaptops()]]>
              </value>
            </param>
          </params>
          <reporter-output>
          </reporter-output>
        </test-method> <!-- beforeMethod -->
        <test-method is-config="true" signature="tearDown()[pri:0, instance:Test.AmazonSearchTest@61c4eee0]" started-at="2023-04-14T11:54:00 IST" name="tearDown" finished-at="2023-04-14T11:54:00 IST" duration-ms="188" status="PASS">
          <reporter-output>
          </reporter-output>
        </test-method> <!-- tearDown -->
        <test-method is-config="true" signature="saveResult(org.testng.ITestResult)[pri:0, instance:Test.AmazonSearchTest@61c4eee0]" started-at="2023-04-14T11:54:00 IST" name="saveResult" finished-at="2023-04-14T11:54:00 IST" duration-ms="0" status="PASS">
          <params>
            <param index="0">
              <value>
                <![CDATA[[TestResult name=searchForLaptops status=SUCCESS method=AmazonSearchTest.searchForLaptops()[pri:0, instance:Test.AmazonSearchTest@61c4eee0] output={null}]]]>
              </value>
            </param>
          </params>
          <reporter-output>
          </reporter-output>
        </test-method> <!-- saveResult -->
      </class> <!-- Test.AmazonSearchTest -->
      <class name="Test.CheckHomePageTitle">
        <test-method is-config="true" signature="driverInitialization()[pri:0, instance:Test.CheckHomePageTitle@23e84203]" started-at="2023-04-14T11:53:44 IST" name="driverInitialization" finished-at="2023-04-14T11:53:52 IST" duration-ms="8025" status="PASS">
          <reporter-output>
          </reporter-output>
        </test-method> <!-- driverInitialization -->
        <test-method is-config="true" signature="beforeMethod(java.lang.reflect.Method)[pri:0, instance:Test.CheckHomePageTitle@23e84203]" started-at="2023-04-14T11:53:52 IST" name="beforeMethod" finished-at="2023-04-14T11:53:52 IST" duration-ms="8" status="PASS">
          <params>
            <param index="0">
              <value>
                <![CDATA[public void Test.CheckHomePageTitle.ScheckTitle()]]>
              </value>
            </param>
          </params>
          <reporter-output>
          </reporter-output>
        </test-method> <!-- beforeMethod -->
        <test-method signature="ScheckTitle()[pri:0, instance:Test.CheckHomePageTitle@23e84203]" started-at="2023-04-14T11:53:52 IST" name="ScheckTitle" finished-at="2023-04-14T11:53:52 IST" duration-ms="30" status="FAIL">
          <exception class="java.lang.AssertionError">
            <message>
              <![CDATA[expected [Onlining Shopping site in India: Shop Online for Mobiles, Books, Watches, Shoes and More - Amazon.in] but found [Online Shopping site in India: Shop Online for Mobiles, Books, Watches, Shoes and More - Amazon.in]]]>
            </message>
            <full-stacktrace>
              <![CDATA[java.lang.AssertionError: expected [Onlining Shopping site in India: Shop Online for Mobiles, Books, Watches, Shoes and More - Amazon.in] but found [Online Shopping site in India: Shop Online for Mobiles, Books, Watches, Shoes and More - Amazon.in]
at org.testng.Assert.fail(Assert.java:99)
at org.testng.Assert.failNotEquals(Assert.java:1037)
at org.testng.Assert.assertEqualsImpl(Assert.java:140)
at org.testng.Assert.assertEquals(Assert.java:122)
at org.testng.Assert.assertEquals(Assert.java:629)
at org.testng.Assert.assertEquals(Assert.java:639)
at Test.CheckHomePageTitle.ScheckTitle(CheckHomePageTitle.java:35)
at java.base/jdk.internal.reflect.NativeMethodAccessorImpl.invoke0(Native Method)
at java.base/jdk.internal.reflect.NativeMethodAccessorImpl.invoke(NativeMethodAccessorImpl.java:77)
at java.base/jdk.internal.reflect.DelegatingMethodAccessorImpl.invoke(DelegatingMethodAccessorImpl.java:43)
at java.base/java.lang.reflect.Method.invoke(Method.java:568)
at org.testng.internal.MethodInvocationHelper.invokeMethod(MethodInvocationHelper.java:133)
at org.testng.internal.TestInvoker.invokeMethod(TestInvoker.java:598)
at org.testng.internal.TestInvoker.invokeTestMethod(TestInvoker.java:173)
at org.testng.internal.MethodRunner.runInSequence(MethodRunner.java:46)
at org.testng.internal.TestInvoker$MethodInvocationAgent.invoke(TestInvoker.java:824)
at org.testng.internal.TestInvoker.invokeTestMethods(TestInvoker.java:146)
at org.testng.internal.TestMethodWorker.invokeTestMethods(TestMethodWorker.java:146)
at org.testng.internal.TestMethodWorker.run(TestMethodWorker.java:128)
at java.base/java.util.ArrayList.forEach(ArrayList.java:1511)
at org.testng.TestRunner.privateRun(TestRunner.java:794)
at org.testng.TestRunner.run(TestRunner.java:596)
at org.testng.SuiteRunner.runTest(SuiteRunner.java:377)
at org.testng.SuiteRunner.runSequentially(SuiteRunner.java:371)
at org.testng.SuiteRunner.privateRun(SuiteRunner.java:332)
at org.testng.SuiteRunner.run(SuiteRunner.java:276)
at org.testng.SuiteRunnerWorker.runSuite(SuiteRunnerWorker.java:53)
at org.testng.SuiteRunnerWorker.run(SuiteRunnerWorker.java:96)
at org.testng.TestNG.runSuitesSequentially(TestNG.java:1212)
at org.testng.TestNG.runSuitesLocally(TestNG.java:1134)
at org.testng.TestNG.runSuites(TestNG.java:1063)
at org.testng.TestNG.run(TestNG.java:1031)
at org.testng.remote.AbstractRemoteTestNG.run(AbstractRemoteTestNG.java:115)
at org.testng.remote.RemoteTestNG.initAndRun(RemoteTestNG.java:251)
at org.testng.remote.RemoteTestNG.main(RemoteTestNG.java:77)
]]>
            </full-stacktrace>
          </exception> <!-- java.lang.AssertionError -->
          <reporter-output>
          </reporter-output>
        </test-method> <!-- ScheckTitle -->
        <test-method is-config="true" signature="saveResult(org.testng.ITestResult)[pri:0, instance:Test.CheckHomePageTitle@23e84203]" started-at="2023-04-14T11:53:52 IST" name="saveResult" finished-at="2023-04-14T11:53:52 IST" duration-ms="551" status="PASS">
          <params>
            <param index="0">
              <value>
                <![CDATA[[TestResult name=ScheckTitle status=FAILURE method=CheckHomePageTitle.ScheckTitle()[pri:0, instance:Test.CheckHomePageTitle@23e84203] output={null}]]]>
              </value>
            </param>
          </params>
          <reporter-output>
          </reporter-output>
        </test-method> <!-- saveResult -->
        <test-method is-config="true" signature="tearDown()[pri:0, instance:Test.CheckHomePageTitle@23e84203]" started-at="2023-04-14T11:53:52 IST" name="tearDown" finished-at="2023-04-14T11:53:52 IST" duration-ms="182" status="PASS">
          <reporter-output>
          </reporter-output>
        </test-method> <!-- tearDown -->
        <test-method is-config="true" signature="ClosingAll()[pri:0, instance:Test.CheckHomePageTitle@23e84203]" started-at="2023-04-14T11:54:00 IST" name="ClosingAll" finished-at="2023-04-14T11:54:01 IST" duration-ms="690" status="PASS">
          <reporter-output>
          </reporter-output>
        </test-method> <!-- ClosingAll -->
      </class> <!-- Test.CheckHomePageTitle -->
    </test> <!-- Test -->
  </suite> <!-- Suite -->
</testng-results>
